| Pre_alloc OCM            | linebuffer(may SWAP later)   | ringbuffer   | parameter          |
|:-------------------------|:-----------------------------|:-------------|:-------------------|
| size(ratio of whole OCM) | 0(0.0)%                      | 0(0.0)%      | 112128(5.3)%       |
| range                    | (None, None)                 | (None, None) | (1985024, 2097152) | 

| Pre_alloc DDR   |   ringbuffer |   feature_swap |
|:----------------|-------------:|---------------:|
| size(M)         |         0.00 |           0.00 | 

| profile conv   | work_cyc          | linebuf       | warmup_tail   | core_idle   | io_idle       | stride2_idle    | standalone_fetch   | MAC              |
|:---------------|:------------------|:--------------|:--------------|:------------|:--------------|:----------------|:-------------------|:-----------------|
| ratio in conv  | 19642427 (100.0%) | 697757 (3.6%) | 646720 (3.3%) | 0 (0.0%)    | 215966 (1.1%) | 3982888 (20.3%) | 435 (0.0%)         | 12161248 (61.9%) | 

| profile ideal DDR_IO   | min_io_sum        | min_params_read   | min_inputs_read   | min_outputs_write   |
|:-----------------------|:------------------|:------------------|:------------------|:--------------------|
| DDR IO size (Byte)     | 16152128 (100.0%) | 12705728 (78.7%)  | 1228800 (7.6%)    | 2217600 (13.7%)     | 

| profile extra DDR_IO   | extra_ddr_io      | extra_params_read   | extra_inputs_read   | extra_outputs_wrt   | extra_swap_read   | extra_swap_wrt   | ddr_rb_read   | ddr_rb_wrt   |
|:-----------------------|:------------------|:--------------------|:--------------------|:--------------------|:------------------|:-----------------|:--------------|:-------------|
| DDR IO size (Byte)     | 26463936 (100.0%) | 10284736 (38.9%)    | 8601600 (32.5%)     | 7577600 (28.6%)     | 0 (0.0%)          | 0 (0.0%)         | 0 (0.0%)      | 0 (0.0%)     | 

profile stream EU: ld/st_ratio might include ringbuf/linebuf/feature_swap parts; mv_ratio migth have ringbuf part. 

| profile stream EU   |   work_cyc | ld_ratio       | ld_param_ratio   | mv_ratio        | mv_linebuffer_ratio   | st_ratio       |
|:--------------------|-----------:|:---------------|:-----------------|:----------------|:----------------------|:---------------|
| teng                |   36542550 | 4968035(13.6%) | 12155146(33.3%)  | 14270165(39.1%) | 190485(0.5%)          | 4958718(13.6%) | 

| breakdown of mv_ratio in profile stream EU   | teng             | all_eus with mv-cmds   |
|:---------------------------------------------|:-----------------|:-----------------------|
| total_cyc_num                                | 14270165(100.0%) | 14270165(100.0%)       |
| weight0_mode,convNxM,mode23,nopad            | 7912704(55.4%)   | 7912704(55.4%)         |
| mv,affine,unpack_lsb                         | 4037947(28.3%)   | 4037947(28.3%)         |
| mv,subtensor                                 | 1122971(7.9%)    | 1122971(7.9%)          |
| mv,concat_c                                  | 480626(3.4%)     | 480626(3.4%)           |
| mv_patch                                     | 348189(2.4%)     | 348189(2.4%)           |
| mv,upsample                                  | 166418(1.2%)     | 166418(1.2%)           |
| mv,argmax                                    | 157421(1.1%)     | 157421(1.1%)           |
| mv,padding                                   | 43447(0.3%)      | 43447(0.3%)            |
| revert_split                                 | 442(0.0%)        | 442(0.0%)              | 

| EU         |   work_cyc |   tot_cyc | ratio   |    fps |   fps_bnd |
|:-----------|-----------:|----------:|:--------|-------:|----------:|
| conv-1core |   19642428 |  38210494 | 51.0%   | 20.940 |    40.730 |
| teng       |   36542550 |  38210494 | 95.0%   | 20.940 |    21.890 |

inference: 47.8 ms, 20.94 fps
  qps = fps * batch_size = 20.94

simulated fps is based on DDR_BW: 1.59 GB/s

DDR IO stats:
  ideal_input_data_size: 13934528 Byte,
  ideal_output_data_size: 2217600 Byte,
  extra_mid_io_data_size: 26463936 Byte,
  total_io_data_size: 42616064 Byte

MAC per inference: 14009758720 MAC@int8
MAC utils: 31.83 %

commit_id:  

| breakdown of cmds_num for each op             |   cmds_num | percentage   |
|:----------------------------------------------|-----------:|:-------------|
| weight0_mode,convNxM,mode23,nopad             |       3272 | 24.19%       |
| weight0_mode,mode23                           |       3161 | 23.37%       |
| mv,affine,unpack_lsb                          |       3022 | 22.34%       |
| weight0_mode,mode20                           |       1458 | 10.78%       |
| pool,weight0_mode,mode20,conv_align,subtensor |        624 | 4.61%        |
| weight0_mode,mode23,nopad                     |        500 | 3.70%        |
| mv,subtensor                                  |        354 | 2.62%        |
| revert_split                                  |        272 | 2.01%        |
| pool,weight0_mode,mode20,subtensor            |        192 | 1.42%        |
| weight0_mode,mode20,nopad                     |        182 | 1.35%        |
| mv,concat_c                                   |        168 | 1.24%        |
| weight0_mode,convNxM,mode26,nopad             |        128 | 0.95%        |
| mv,argmax                                     |         70 | 0.52%        |
| mv,upsample                                   |         60 | 0.44%        |
| mv_patch                                      |         30 | 0.22%        |
| bgr_pack                                      |         23 | 0.17%        |
| mv,padding                                    |         10 | 0.07%        |
| total_num                                     |      13526 | 100%         | 

subgraph num: 12
